<?xml version="1.0" encoding="UTF-8"?>
<!-- Generated by org.testng.reporters.JUnitXMLReporter -->
<testsuite ignored="0" hostname="DESKTOP-SSF70G1" failures="4" tests="4" name="Test" time="7.251" errors="0" timestamp="2024-09-11T17:05:27 IST">
  <testcase classname="com.myntrajio.RegisterTest.RegisterTest" name="registerValidateRegisterButtonColor" time="0.062">
    <failure type="java.lang.AssertionError" message="verified Register Page expected [file:///C:/AutomationFrameWork/com.myntrajio/src/test/resources/WebPage/webpage.html] but found [LearningSelenium]">
      <![CDATA[java.lang.AssertionError: verified Register Page expected [file:///C:/AutomationFrameWork/com.myntrajio/src/test/resources/WebPage/webpage.html] but found [LearningSelenium]
at com.myntrajio.RegisterTest.RegisterTest.registerValidateRegisterButtonColor(RegisterTest.java:194)
at java.base/java.util.ArrayList.forEach(ArrayList.java:1597)
... Removed 30 stack frames]]>
    </failure>
  </testcase> <!-- registerValidateRegisterButtonColor -->
  <testcase classname="com.myntrajio.RegisterTest.RegisterTest" name="registerValidateRegisterButtonPosition" time="0.029">
    <failure type="java.lang.AssertionError" message="verified Register Page expected [file:///C:/AutomationFrameWork/com.myntrajio/src/test/resources/WebPage/webpage.html] but found [LearningSelenium]">
      <![CDATA[java.lang.AssertionError: verified Register Page expected [file:///C:/AutomationFrameWork/com.myntrajio/src/test/resources/WebPage/webpage.html] but found [LearningSelenium]
at com.myntrajio.RegisterTest.RegisterTest.registerValidateRegisterButtonPosition(RegisterTest.java:153)
at java.base/java.util.ArrayList.forEach(ArrayList.java:1597)
... Removed 30 stack frames]]>
    </failure>
  </testcase> <!-- registerValidateRegisterButtonPosition -->
  <testcase classname="com.myntrajio.RegisterTest.RegisterTest" name="registerValidateRegisterButtonSize" time="0.037">
    <failure type="java.lang.AssertionError" message="verified Register Page expected [file:///C:/AutomationFrameWork/com.myntrajio/src/test/resources/WebPage/webpage.html] but found [LearningSelenium]">
      <![CDATA[java.lang.AssertionError: verified Register Page expected [file:///C:/AutomationFrameWork/com.myntrajio/src/test/resources/WebPage/webpage.html] but found [LearningSelenium]
at com.myntrajio.RegisterTest.RegisterTest.registerValidateRegisterButtonSize(RegisterTest.java:111)
at java.base/java.util.ArrayList.forEach(ArrayList.java:1597)
... Removed 30 stack frames]]>
    </failure>
  </testcase> <!-- registerValidateRegisterButtonSize -->
  <testcase classname="com.myntrajio.RegisterTest.RegisterTest" name="register_validData" time="2.093">
    <failure type="java.lang.AssertionError" message="expected [file:///C:/AutomationFrameWork/com.myntrajio/src/test/resources/WebPage/webpage.html] but found [LearningSelenium]">
      <![CDATA[java.lang.AssertionError: expected [file:///C:/AutomationFrameWork/com.myntrajio/src/test/resources/WebPage/webpage.html] but found [LearningSelenium]
at com.myntrajio.RegisterTest.RegisterTest.register_validData(RegisterTest.java:44)
at java.base/java.util.ArrayList.forEach(ArrayList.java:1597)
... Removed 31 stack frames]]>
    </failure>
  </testcase> <!-- register_validData -->
</testsuite> <!-- Test -->
